{
  "RSpec": {
    "coverage": {
      "/Users/astarte/MAcourse/new_oystercard/spec/feature_spec.rb": [
        1,
        null,
        1,
        1,
        1,
        null
      ],
      "/Users/astarte/MAcourse/new_oystercard/lib/oystercard.rb": [
        null,
        1,
        1,
        1,
        1,
        4,
        null,
        null,
        1,
        5,
        5,
        4,
        null,
        null
      ],
      "/Users/astarte/MAcourse/new_oystercard/spec/oystercard_spec.rb": [
        1,
        null,
        1,
        1,
        1,
        null,
        null,
        1,
        1,
        4,
        null,
        1,
        1,
        1,
        1,
        2,
        null,
        null,
        null
      ]
    },
    "timestamp": 1511389570
  }
}
