{
  "RSpec": {
    "coverage": {
      "/Users/astarte/MAcourse/new_oystercard/spec/feature_spec.rb": [
        1,
        1,
        1,
        1,
        null,
        1,
        8,
        8,
        2,
        2,
        null,
        1,
        7,
        7,
        null,
        null,
        1,
        1,
        1,
        1,
        1,
        2,
        null,
        1,
        null,
        null,
        null,
        1,
        1,
        1,
        1,
        1,
        1,
        null,
        null,
        null,
        1,
        1,
        1,
        1,
        1,
        null,
        null,
        1,
        1,
        1,
        1,
        1,
        1,
        1,
        1,
        null,
        null,
        null,
        1,
        1,
        1,
        1,
        1,
        1,
        1,
        null,
        null,
        null,
        1,
        1,
        1,
        1,
        null,
        null,
        null,
        null,
        null,
        1,
        1,
        1,
        1,
        1,
        1,
        1,
        null,
        1,
        1,
        1,
        null,
        null,
        null,
        null,
        null,
        null,
        null
      ],
      "/Users/astarte/MAcourse/new_oystercard/lib/oystercard.rb": [
        1,
        1,
        null,
        null,
        1,
        1,
        1,
        null,
        1,
        1,
        1,
        null,
        1,
        21,
        21,
        21,
        null,
        null,
        1,
        21,
        19,
        19,
        null,
        null,
        1,
        18,
        17,
        17,
        null,
        null,
        1,
        11,
        11,
        11,
        11,
        null,
        null,
        1,
        4,
        null,
        null,
        1,
        null,
        1,
        11,
        null,
        null,
        1,
        11,
        11,
        null,
        null
      ],
      "/Users/astarte/MAcourse/new_oystercard/lib/journey.rb": [
        1,
        null,
        null,
        null,
        1,
        1,
        1,
        1,
        null,
        1,
        1,
        null,
        1,
        30,
        30,
        30,
        30,
        null,
        null,
        1,
        null,
        5,
        null,
        null,
        1,
        16,
        9,
        9,
        9,
        null,
        null,
        1,
        18,
        null,
        null,
        1,
        null,
        1,
        9,
        null,
        null,
        null
      ],
      "/Users/astarte/MAcourse/new_oystercard/lib/station.rb": [
        null,
        null,
        null,
        1,
        1,
        null,
        1,
        20,
        41,
        41,
        null,
        2,
        null,
        null,
        1,
        18,
        18,
        null,
        null,
        1,
        5,
        null,
        null
      ],
      "/Users/astarte/MAcourse/new_oystercard/spec/journey_log_spec.rb": [

      ],
      "/Users/astarte/MAcourse/new_oystercard/spec/journey_spec.rb": [
        1,
        null,
        1,
        4,
        6,
        4,
        null,
        1,
        1,
        1,
        null,
        null,
        1,
        1,
        null,
        null,
        1,
        1,
        1,
        1,
        null,
        null,
        1,
        1,
        1,
        null,
        null,
        1,
        1,
        1,
        null,
        null,
        1,
        1,
        1,
        null,
        null,
        null,
        1,
        1,
        null,
        null
      ],
      "/Users/astarte/MAcourse/new_oystercard/spec/oystercard_spec.rb": [
        1,
        null,
        1,
        3,
        3,
        null,
        null,
        1,
        6,
        5,
        3,
        null,
        1,
        1,
        1,
        null,
        1,
        1,
        null,
        1,
        1,
        null,
        null,
        null,
        1,
        1,
        4,
        null,
        null,
        1,
        1,
        1,
        1,
        1,
        null,
        null,
        null,
        1,
        1,
        1,
        1,
        null,
        null,
        null,
        null,
        1,
        1,
        3,
        3,
        null,
        null,
        1,
        1,
        1,
        1,
        null,
        null,
        null,
        1,
        1,
        1,
        null,
        null,
        1,
        1,
        1,
        2,
        null,
        null,
        null,
        null,
        null,
        1,
        1,
        2,
        2,
        null,
        1,
        1,
        null,
        1,
        1,
        1,
        null,
        null,
        null
      ],
      "/Users/astarte/MAcourse/new_oystercard/spec/station_spec.rb": [
        1,
        null,
        1,
        1,
        1,
        1,
        null,
        1,
        2,
        null,
        null,
        null,
        null,
        1,
        2,
        null,
        null,
        null,
        1,
        1,
        1,
        null,
        null,
        1,
        1,
        1,
        null,
        null
      ]
    },
    "timestamp": 1513429611
  }
}
